Started GET "/" for ::1 at 2022-12-13 11:09:31 +1030
Processing by Rails::WelcomeController#index as HTML
  Rendering /home/jeevan/.rbenv/versions/3.1.2/lib/ruby/gems/3.1.0/gems/railties-7.0.4/lib/rails/templates/rails/welcome/index.html.erb
  Rendered /home/jeevan/.rbenv/versions/3.1.2/lib/ruby/gems/3.1.0/gems/railties-7.0.4/lib/rails/templates/rails/welcome/index.html.erb (Duration: 1.5ms | Allocations: 585)
Completed 200 OK in 11ms (Views: 4.8ms | ActiveRecord: 0.0ms | Allocations: 4651)


Started GET "/" for ::1 at 2022-12-13 11:14:35 +1030
Processing by Rails::WelcomeController#index as HTML
  Rendering /home/jeevan/.rbenv/versions/3.1.2/lib/ruby/gems/3.1.0/gems/railties-7.0.4/lib/rails/templates/rails/welcome/index.html.erb
  Rendered /home/jeevan/.rbenv/versions/3.1.2/lib/ruby/gems/3.1.0/gems/railties-7.0.4/lib/rails/templates/rails/welcome/index.html.erb (Duration: 0.5ms | Allocations: 477)
Completed 200 OK in 4ms (Views: 1.6ms | ActiveRecord: 0.0ms | Allocations: 3327)


Started GET "/registrations/new" for ::1 at 2022-12-13 11:14:41 +1030
  
ActionController::RoutingError (No route matches [GET] "/registrations/new"):
  
Started GET "/registrations/create" for ::1 at 2022-12-13 11:15:00 +1030
  
ActionController::RoutingError (No route matches [GET] "/registrations/create"):
  
Started GET "/registrations/new" for ::1 at 2022-12-13 11:16:46 +1030
  
SyntaxError (/home/jeevan/authentication/config/routes.rb:2: syntax error, unexpected local variable or method, expecting `end'
  get 'registration/new' to: 'registration#new'
                         ^~
):
  
config/routes.rb:2: syntax error, unexpected local variable or method, expecting `end'
config/routes.rb:2: syntax error, unexpected local variable or method, expecting `end'
config/routes.rb:2: syntax error, unexpected local variable or method, expecting `end'
Started GET "/registrations/new" for ::1 at 2022-12-13 11:17:13 +1030
  
ActionController::RoutingError (No route matches [GET] "/registrations/new"):
  
Started GET "/registrations/new" for ::1 at 2022-12-13 11:18:12 +1030
  
ArgumentError ('Registration' is not a supported controller name. This can lead to potential routing problems. See https://guides.rubyonrails.org/routing.html#specifying-a-controller-to-use):
  
config/routes.rb:2:in `block in <main>'
config/routes.rb:1:in `<main>'
Started GET "/registrations/new" for ::1 at 2022-12-13 11:39:23 +1030
Processing by RegistrationsController#new as HTML
  Rendering layout layouts/application.html.erb
  Rendering registrations/new.html.erb within layouts/application
  Rendered registrations/new.html.erb within layouts/application (Duration: 0.8ms | Allocations: 109)
  Rendered layout layouts/application.html.erb (Duration: 151.3ms | Allocations: 94091)
Completed 200 OK in 153ms (Views: 152.1ms | Allocations: 95085)


Started GET "/registrations/create" for ::1 at 2022-12-13 11:39:37 +1030
Processing by RegistrationsController#create as HTML
  Rendering layout layouts/application.html.erb
  Rendering registrations/create.html.erb within layouts/application
  Rendered registrations/create.html.erb within layouts/application (Duration: 0.4ms | Allocations: 88)
  Rendered layout layouts/application.html.erb (Duration: 4.3ms | Allocations: 2458)
Completed 200 OK in 6ms (Views: 4.9ms | Allocations: 2786)


Started GET "/registrations/create" for ::1 at 2022-12-13 11:43:17 +1030
Processing by RegistrationsController#create as HTML
  Rendering layout layouts/application.html.erb
  Rendering registrations/create.html.erb within layouts/application
  Rendered registrations/create.html.erb within layouts/application (Duration: 0.1ms | Allocations: 108)
  Rendered layout layouts/application.html.erb (Duration: 5.1ms | Allocations: 14110)
Completed 200 OK in 6ms (Views: 5.7ms | Allocations: 15038)


Started GET "/registrations/create" for ::1 at 2022-12-13 11:43:18 +1030
Processing by RegistrationsController#create as HTML
  Rendering layout layouts/application.html.erb
  Rendering registrations/create.html.erb within layouts/application
  Rendered registrations/create.html.erb within layouts/application (Duration: 0.1ms | Allocations: 7)
  Rendered layout layouts/application.html.erb (Duration: 3.8ms | Allocations: 2364)
Completed 200 OK in 5ms (Views: 4.5ms | Allocations: 2634)


Started GET "/registrations/create" for ::1 at 2022-12-13 11:43:19 +1030
Processing by RegistrationsController#create as HTML
  Rendering layout layouts/application.html.erb
  Rendering registrations/create.html.erb within layouts/application
  Rendered registrations/create.html.erb within layouts/application (Duration: 0.0ms | Allocations: 7)
  Rendered layout layouts/application.html.erb (Duration: 3.8ms | Allocations: 2346)
Completed 200 OK in 5ms (Views: 4.3ms | Allocations: 2599)


Started GET "/registrations/new" for ::1 at 2022-12-13 11:43:26 +1030
Processing by RegistrationsController#new as HTML
  Rendering layout layouts/application.html.erb
  Rendering registrations/new.html.erb within layouts/application
  Rendered registrations/new.html.erb within layouts/application (Duration: 0.5ms | Allocations: 82)
  Rendered layout layouts/application.html.erb (Duration: 5.5ms | Allocations: 2425)
Completed 200 OK in 7ms (Views: 6.2ms | Allocations: 2731)


Started GET "/registrations/new" for ::1 at 2022-12-13 11:54:01 +1030
  
ActionController::RoutingError (No route matches [GET] "/registrations/new"):
  
Started GET "/registrations/new" for ::1 at 2022-12-13 11:54:08 +1030
  
ActionController::RoutingError (No route matches [GET] "/registrations/new"):
  
Started GET "/registrations/new" for ::1 at 2022-12-13 11:54:38 +1030
  
ActionController::RoutingError (No route matches [GET] "/registrations/new"):
  
Started GET "/registrations/new" for ::1 at 2022-12-13 11:55:13 +1030
  
ActionController::RoutingError (No route matches [GET] "/registrations/new"):
  
Started GET "/registrations/new" for ::1 at 2022-12-13 11:56:32 +1030
  
ActionController::RoutingError (No route matches [GET] "/registrations/new"):
  
Started GET "/registrations/new" for ::1 at 2022-12-13 11:56:33 +1030
  
ActionController::RoutingError (No route matches [GET] "/registrations/new"):
  
Started GET "/registrations/new" for ::1 at 2022-12-13 11:56:37 +1030
  
ActionController::RoutingError (No route matches [GET] "/registrations/new"):
  
Started GET "/registrations/new" for ::1 at 2022-12-13 11:57:13 +1030
  
ActionController::RoutingError (No route matches [GET] "/registrations/new"):
  
Started GET "/registrations/new" for ::1 at 2022-12-13 11:59:20 +1030
Processing by RegistrationsController#new as HTML
  Rendering layout layouts/application.html.erb
  Rendering registrations/new.html.erb within layouts/application
  Rendered registrations/new.html.erb within layouts/application (Duration: 0.7ms | Allocations: 682)
  Rendered layout layouts/application.html.erb (Duration: 26.4ms | Allocations: 35259)
Completed 200 OK in 29ms (Views: 27.1ms | Allocations: 37267)


Started GET "/registrations/new" for ::1 at 2022-12-13 12:00:22 +1030
Processing by RegistrationsController#new as HTML
  Rendering layout layouts/application.html.erb
  Rendering registrations/new.html.erb within layouts/application
  Rendered registrations/new.html.erb within layouts/application (Duration: 0.9ms | Allocations: 354)
  Rendered layout layouts/application.html.erb (Duration: 5.6ms | Allocations: 2547)
Completed 200 OK in 7ms (Views: 6.4ms | Allocations: 2822)


  [1m[35m (4.5ms)[0m  [1m[35mCREATE TABLE "schema_migrations" ("version" varchar NOT NULL PRIMARY KEY)[0m
  [1m[35m (3.3ms)[0m  [1m[35mCREATE TABLE "ar_internal_metadata" ("key" varchar NOT NULL PRIMARY KEY, "value" varchar, "created_at" datetime(6) NOT NULL, "updated_at" datetime(6) NOT NULL)[0m
  [1m[36mActiveRecord::SchemaMigration Pluck (0.1ms)[0m  [1m[34mSELECT "schema_migrations"."version" FROM "schema_migrations" ORDER BY "schema_migrations"."version" ASC[0m
Migrating to CreateUsers (20221213013216)
  [1m[36mTRANSACTION (0.0ms)[0m  [1m[36mbegin transaction[0m
  [1m[35m (0.1ms)[0m  [1m[35mCREATE TABLE "users" ("id" integer PRIMARY KEY AUTOINCREMENT NOT NULL, "email" varchar, "password" varchar, "created_at" datetime(6) NOT NULL, "updated_at" datetime(6) NOT NULL)[0m
  [1m[36mActiveRecord::SchemaMigration Create (0.1ms)[0m  [1m[32mINSERT INTO "schema_migrations" ("version") VALUES (?)[0m  [["version", "20221213013216"]]
  [1m[36mTRANSACTION (3.4ms)[0m  [1m[36mcommit transaction[0m
  [1m[36mActiveRecord::InternalMetadata Load (0.1ms)[0m  [1m[34mSELECT "ar_internal_metadata".* FROM "ar_internal_metadata" WHERE "ar_internal_metadata"."key" = ? LIMIT ?[0m  [["key", "environment"], ["LIMIT", 1]]
  [1m[36mTRANSACTION (0.0ms)[0m  [1m[36mbegin transaction[0m
  [1m[36mActiveRecord::InternalMetadata Create (0.1ms)[0m  [1m[32mINSERT INTO "ar_internal_metadata" ("key", "value", "created_at", "updated_at") VALUES (?, ?, ?, ?)[0m  [["key", "environment"], ["value", "development"], ["created_at", "2022-12-13 01:32:31.067581"], ["updated_at", "2022-12-13 01:32:31.067581"]]
  [1m[36mTRANSACTION (2.5ms)[0m  [1m[36mcommit transaction[0m
  [1m[36mActiveRecord::SchemaMigration Pluck (0.1ms)[0m  [1m[34mSELECT "schema_migrations"."version" FROM "schema_migrations" ORDER BY "schema_migrations"."version" ASC[0m
Started GET "/registrations/new" for ::1 at 2022-12-13 12:04:18 +1030
  [1m[36mActiveRecord::SchemaMigration Pluck (0.1ms)[0m  [1m[34mSELECT "schema_migrations"."version" FROM "schema_migrations" ORDER BY "schema_migrations"."version" ASC[0m
Processing by RegistrationsController#new as HTML
  Rendering layout layouts/application.html.erb
  Rendering registrations/new.html.erb within layouts/application
  Rendered registrations/new.html.erb within layouts/application (Duration: 1.0ms | Allocations: 1106)
  Rendered layout layouts/application.html.erb (Duration: 6.2ms | Allocations: 14908)
Completed 200 OK in 11ms (Views: 6.9ms | ActiveRecord: 0.2ms | Allocations: 20565)


Started GET "/registrations/new" for ::1 at 2022-12-13 12:04:32 +1030
Processing by RegistrationsController#new as HTML
  Rendering layout layouts/application.html.erb
  Rendering registrations/new.html.erb within layouts/application
  Rendered registrations/new.html.erb within layouts/application (Duration: 0.6ms | Allocations: 899)
  Rendered layout layouts/application.html.erb (Duration: 5.3ms | Allocations: 14498)
Completed 200 OK in 8ms (Views: 5.8ms | ActiveRecord: 0.4ms | Allocations: 17434)


Started GET "/registrations/new" for ::1 at 2022-12-13 12:04:33 +1030
Processing by RegistrationsController#new as HTML
  Rendering layout layouts/application.html.erb
  Rendering registrations/new.html.erb within layouts/application
  Rendered registrations/new.html.erb within layouts/application (Duration: 0.8ms | Allocations: 398)
  Rendered layout layouts/application.html.erb (Duration: 9.3ms | Allocations: 2590)
Completed 200 OK in 10ms (Views: 9.7ms | ActiveRecord: 0.0ms | Allocations: 2895)


Started GET "/registrations/new" for ::1 at 2022-12-13 12:05:26 +1030
Processing by RegistrationsController#new as HTML
  Rendering layout layouts/application.html.erb
  Rendering registrations/new.html.erb within layouts/application
  Rendered registrations/new.html.erb within layouts/application (Duration: 0.6ms | Allocations: 911)
  Rendered layout layouts/application.html.erb (Duration: 5.4ms | Allocations: 14565)
Completed 200 OK in 8ms (Views: 5.9ms | ActiveRecord: 0.3ms | Allocations: 17497)


Started GET "/registrations/new" for ::1 at 2022-12-13 12:06:19 +1030
Processing by RegistrationsController#new as HTML
  Rendering layout layouts/application.html.erb
  Rendering registrations/new.html.erb within layouts/application
  Rendered registrations/new.html.erb within layouts/application (Duration: 1.0ms | Allocations: 601)
  Rendered layout layouts/application.html.erb (Duration: 3.3ms | Allocations: 3144)
Completed 200 OK in 5ms (Views: 4.0ms | ActiveRecord: 0.0ms | Allocations: 4007)


Started GET "/registrations/new" for ::1 at 2022-12-13 12:06:20 +1030
Processing by RegistrationsController#new as HTML
  Rendering layout layouts/application.html.erb
  Rendering registrations/new.html.erb within layouts/application
  Rendered registrations/new.html.erb within layouts/application (Duration: 0.8ms | Allocations: 331)
  Rendered layout layouts/application.html.erb (Duration: 3.6ms | Allocations: 2513)
Completed 200 OK in 5ms (Views: 4.1ms | ActiveRecord: 0.0ms | Allocations: 2814)


Started GET "/registrations/new" for ::1 at 2022-12-13 12:06:20 +1030
Processing by RegistrationsController#new as HTML
  Rendering layout layouts/application.html.erb
  Rendering registrations/new.html.erb within layouts/application
  Rendered registrations/new.html.erb within layouts/application (Duration: 0.9ms | Allocations: 340)
  Rendered layout layouts/application.html.erb (Duration: 3.9ms | Allocations: 2524)
Completed 200 OK in 5ms (Views: 4.4ms | ActiveRecord: 0.0ms | Allocations: 2794)


Started GET "/registrations/new" for ::1 at 2022-12-13 12:08:16 +1030
Processing by RegistrationsController#new as HTML
  Rendering layout layouts/application.html.erb
  Rendering registrations/new.html.erb within layouts/application
  Rendered registrations/new.html.erb within layouts/application (Duration: 1.7ms | Allocations: 1162)
  Rendered layout layouts/application.html.erb (Duration: 2.2ms | Allocations: 1251)
Completed 500 Internal Server Error in 6ms (ActiveRecord: 0.0ms | Allocations: 2048)


  
ActionView::SyntaxErrorInTemplate (Encountered a syntax error while rendering template: check <h1>Sign Up</h1>

<%= form_with model: @user, url: registrations_path do |form| %>
    <div>
        <%= form.label : email %>
        <%= form.email_field : email %>
    </div>

):
1:    <h1>Sign Up</h1>
2:    
3:    <%= form_with model: @user, url: registrations_path do |form| %>
4:        <div>
5:            <%= form.label : email %>
6:            <%= form.email_field : email %>
7:        </div>
  
app/views/registrations/new.html.erb:5: syntax error, unexpected ':'
app/views/registrations/new.html.erb:6: syntax error, unexpected ':'
app/views/registrations/new.html.erb:10: syntax error, unexpected end-of-input, expecting `end'
app/views/registrations/new.html.erb:5: syntax error, unexpected ':'
app/views/registrations/new.html.erb:6: syntax error, unexpected ':'
app/views/registrations/new.html.erb:10: syntax error, unexpected end-of-input, expecting `end'
app/views/registrations/new.html.erb:5: syntax error, unexpected ':'
app/views/registrations/new.html.erb:6: syntax error, unexpected ':'
app/views/registrations/new.html.erb:10: syntax error, unexpected end-of-input, expecting `end'
app/views/registrations/new.html.erb:5: syntax error, unexpected ':'
app/views/registrations/new.html.erb:6: syntax error, unexpected ':'
app/views/registrations/new.html.erb:10: syntax error, unexpected end-of-input, expecting `end'
app/views/registrations/new.html.erb:5: syntax error, unexpected ':'
app/views/registrations/new.html.erb:6: syntax error, unexpected ':'
app/views/registrations/new.html.erb:10: syntax error, unexpected end-of-input, expecting `end'
app/views/registrations/new.html.erb:5: syntax error, unexpected ':'
app/views/registrations/new.html.erb:6: syntax error, unexpected ':'
app/views/registrations/new.html.erb:10: syntax error, unexpected end-of-input, expecting `end'
Started GET "/registrations/new" for ::1 at 2022-12-13 12:08:55 +1030
Processing by RegistrationsController#new as HTML
  Rendering layout layouts/application.html.erb
  Rendering registrations/new.html.erb within layouts/application
  Rendered registrations/new.html.erb within layouts/application (Duration: 1.1ms | Allocations: 1155)
  Rendered layout layouts/application.html.erb (Duration: 1.3ms | Allocations: 1244)
Completed 500 Internal Server Error in 4ms (ActiveRecord: 0.0ms | Allocations: 2047)


  
ActionView::SyntaxErrorInTemplate (Encountered a syntax error while rendering template: check <h1>Sign Up</h1>

<%= form_with model: @user, url: registrations_path do |form| %>
    <div>
        <%= form.label : email %>
        <%= form.email_field : email %>
    </div>

<% end %>
):
1:    <h1>Sign Up</h1>
2:    
3:    <%= form_with model: @user, url: registrations_path do |form| %>
4:        <div>
5:            <%= form.label : email %>
6:            <%= form.email_field : email %>
7:        </div>
8:    
9:    <% end %>
  
app/views/registrations/new.html.erb:5: syntax error, unexpected ':'
app/views/registrations/new.html.erb:6: syntax error, unexpected ':'
app/views/registrations/new.html.erb:5: syntax error, unexpected ':'
app/views/registrations/new.html.erb:6: syntax error, unexpected ':'
app/views/registrations/new.html.erb:5: syntax error, unexpected ':'
app/views/registrations/new.html.erb:6: syntax error, unexpected ':'
app/views/registrations/new.html.erb:5: syntax error, unexpected ':'
app/views/registrations/new.html.erb:6: syntax error, unexpected ':'
app/views/registrations/new.html.erb:5: syntax error, unexpected ':'
app/views/registrations/new.html.erb:6: syntax error, unexpected ':'
app/views/registrations/new.html.erb:5: syntax error, unexpected ':'
app/views/registrations/new.html.erb:6: syntax error, unexpected ':'
Started GET "/registrations/new" for ::1 at 2022-12-13 12:10:03 +1030
Processing by RegistrationsController#new as HTML
  Rendering layout layouts/application.html.erb
  Rendering registrations/new.html.erb within layouts/application
  Rendered registrations/new.html.erb within layouts/application (Duration: 1.4ms | Allocations: 1155)
  Rendered layout layouts/application.html.erb (Duration: 1.7ms | Allocations: 1244)
Completed 500 Internal Server Error in 4ms (ActiveRecord: 0.0ms | Allocations: 2046)


  
ActionView::SyntaxErrorInTemplate (Encountered a syntax error while rendering template: check <h1>Sign Up</h1>

<%= form_with model: @user, url: registrations_path do |form| %>
    <div>
        <%= form.label :email %>
        <%= form.email_field : email %>
    </div>

<% end %>
):
1:    <h1>Sign Up</h1>
2:    
3:    <%= form_with model: @user, url: registrations_path do |form| %>
4:        <div>
5:            <%= form.label :email %>
6:            <%= form.email_field : email %>
7:        </div>
8:    
9:    <% end %>
  
app/views/registrations/new.html.erb:6: syntax error, unexpected ':'
app/views/registrations/new.html.erb:6: syntax error, unexpected ':'
app/views/registrations/new.html.erb:6: syntax error, unexpected ':'
app/views/registrations/new.html.erb:6: syntax error, unexpected ':'
app/views/registrations/new.html.erb:6: syntax error, unexpected ':'
app/views/registrations/new.html.erb:6: syntax error, unexpected ':'
Started GET "/registrations/new" for ::1 at 2022-12-13 12:10:22 +1030
Processing by RegistrationsController#new as HTML
  Rendering layout layouts/application.html.erb
  Rendering registrations/new.html.erb within layouts/application
  Rendered registrations/new.html.erb within layouts/application (Duration: 12.4ms | Allocations: 7344)
  Rendered layout layouts/application.html.erb (Duration: 15.0ms | Allocations: 9936)
Completed 200 OK in 17ms (Views: 16.3ms | ActiveRecord: 0.0ms | Allocations: 10768)


Started GET "/registrations/new" for ::1 at 2022-12-13 12:11:04 +1030
Processing by RegistrationsController#new as HTML
  Rendering layout layouts/application.html.erb
  Rendering registrations/new.html.erb within layouts/application
  Rendered registrations/new.html.erb within layouts/application (Duration: 5.0ms | Allocations: 5033)
  Rendered layout layouts/application.html.erb (Duration: 7.8ms | Allocations: 7610)
Completed 200 OK in 9ms (Views: 8.7ms | ActiveRecord: 0.0ms | Allocations: 8476)


Started GET "/registrations/new" for ::1 at 2022-12-13 12:11:48 +1030
Processing by RegistrationsController#new as HTML
  Rendering layout layouts/application.html.erb
  Rendering registrations/new.html.erb within layouts/application
  Rendered registrations/new.html.erb within layouts/application (Duration: 2.0ms | Allocations: 2985)
  Rendered layout layouts/application.html.erb (Duration: 2.1ms | Allocations: 3073)
Completed 500 Internal Server Error in 4ms (Allocations: 3905)


  
ActionView::Template::Error (undefined method `Sign' for #<ActionView::Helpers::FormBuilder:0x00007fb68acfec78 @nested_child_index={}, @options={:allow_method_names_outside_object=>true, :skip_default_ids=>false}, @template=#<ActionView::Base:0x0000000001e140>, @object=#<User id: nil, email: nil, password: nil, created_at: nil, updated_at: nil>, @object_name="user", @default_options={:skip_default_ids=>false, :allow_method_names_outside_object=>true}, @default_html_options={}, @multipart=nil, @index=nil>

        '.freeze;@output_buffer.append=( form.Sign :email );@output_buffer.safe_append='
                                             ^^^^^):
    10:         <%= form.password_field :password %>
    11:     </div>
    12:     <div>
    13:         <%= form.Sign :email %>
    14:        
    15:     </div>
    16: 
  
app/views/registrations/new.html.erb:13
app/views/registrations/new.html.erb:3
Started GET "/registrations/new" for ::1 at 2022-12-13 12:12:13 +1030
Processing by RegistrationsController#new as HTML
  Rendering layout layouts/application.html.erb
  Rendering registrations/new.html.erb within layouts/application
  Rendered registrations/new.html.erb within layouts/application (Duration: 1.4ms | Allocations: 1207)
  Rendered layout layouts/application.html.erb (Duration: 1.6ms | Allocations: 1296)
Completed 500 Internal Server Error in 4ms (Allocations: 2090)


  
ActionView::SyntaxErrorInTemplate (Encountered a syntax error while rendering template: check <h1>Sign Up</h1>

<%= form_with model: @user, url: registrations_path do |form| %>
    <div>
        <%= form.label :email %>
        <%= form.email_field :email %>
    </div>
    <div>
        <%= form.label :password %>
        <%= form.password_field :password %>
    </div>
    <div>
        <%= form.submit :Sign up %>
       
    </div>

<% end %>
):
1:    <h1>Sign Up</h1>
2:    
3:    <%= form_with model: @user, url: registrations_path do |form| %>
4:        <div>
5:            <%= form.label :email %>
6:            <%= form.email_field :email %>
7:        </div>
8:        <div>
9:            <%= form.label :password %>
10:            <%= form.password_field :password %>
11:        </div>
12:        <div>
13:            <%= form.submit :Sign up %>
14:           
15:        </div>
16:    
17:    <% end %>
  
app/views/registrations/new.html.erb:13: syntax error, unexpected local variable or method, expecting ')'
app/views/registrations/new.html.erb:13: syntax error, unexpected local variable or method, expecting ')'
app/views/registrations/new.html.erb:13: syntax error, unexpected local variable or method, expecting ')'
app/views/registrations/new.html.erb:13: syntax error, unexpected local variable or method, expecting ')'
app/views/registrations/new.html.erb:13: syntax error, unexpected local variable or method, expecting ')'
app/views/registrations/new.html.erb:13: syntax error, unexpected local variable or method, expecting ')'
Started GET "/registrations/new" for ::1 at 2022-12-13 12:12:28 +1030
Processing by RegistrationsController#new as HTML
  Rendering layout layouts/application.html.erb
  Rendering registrations/new.html.erb within layouts/application
  Rendered registrations/new.html.erb within layouts/application (Duration: 2.4ms | Allocations: 1271)
  Rendered layout layouts/application.html.erb (Duration: 4.8ms | Allocations: 3824)
Completed 200 OK in 7ms (Views: 6.2ms | Allocations: 4645)


Started GET "/registrations/new" for ::1 at 2022-12-13 12:12:45 +1030
Processing by RegistrationsController#new as HTML
  Rendering layout layouts/application.html.erb
  Rendering registrations/new.html.erb within layouts/application
  Rendered registrations/new.html.erb within layouts/application (Duration: 2.4ms | Allocations: 1261)
  Rendered layout layouts/application.html.erb (Duration: 6.9ms | Allocations: 3799)
Completed 200 OK in 9ms (Views: 8.5ms | Allocations: 4626)


Started POST "/registrations" for ::1 at 2022-12-13 12:12:47 +1030
Processing by RegistrationsController#create as TURBO_STREAM
  Parameters: {"authenticity_token"=>"[FILTERED]", "user"=>{"email"=>"", "password"=>"[FILTERED]"}, "commit"=>"Sign Up"}
  Rendering layout layouts/application.html.erb
  Rendering registrations/create.html.erb within layouts/application
  Rendered registrations/create.html.erb within layouts/application (Duration: 0.2ms | Allocations: 102)
  Rendered layout layouts/application.html.erb (Duration: 1.7ms | Allocations: 2402)
Completed 200 OK in 3ms (Views: 1.9ms | Allocations: 3159)


Started POST "/registrations" for ::1 at 2022-12-13 12:12:49 +1030
Processing by RegistrationsController#create as TURBO_STREAM
  Parameters: {"authenticity_token"=>"[FILTERED]", "user"=>{"email"=>"", "password"=>"[FILTERED]"}, "commit"=>"Sign Up"}
  Rendering layout layouts/application.html.erb
  Rendering registrations/create.html.erb within layouts/application
  Rendered registrations/create.html.erb within layouts/application (Duration: 0.0ms | Allocations: 7)
  Rendered layout layouts/application.html.erb (Duration: 7.9ms | Allocations: 2191)
Completed 200 OK in 9ms (Views: 8.5ms | Allocations: 2664)


Started POST "/registrations" for ::1 at 2022-12-13 12:14:10 +1030
Processing by RegistrationsController#create as TURBO_STREAM
  Parameters: {"authenticity_token"=>"[FILTERED]", "user"=>{"email"=>"joe@email.com", "password"=>"[FILTERED]"}, "commit"=>"Sign Up"}
  Rendering layout layouts/application.html.erb
  Rendering registrations/create.html.erb within layouts/application
  Rendered registrations/create.html.erb within layouts/application (Duration: 0.0ms | Allocations: 7)
  Rendered layout layouts/application.html.erb (Duration: 2.5ms | Allocations: 2180)
Completed 200 OK in 3ms (Views: 2.8ms | Allocations: 2655)


Started GET "/registrations/new" for ::1 at 2022-12-13 12:24:49 +1030
Processing by RegistrationsController#new as HTML
  Rendering layout layouts/application.html.erb
  Rendering registrations/new.html.erb within layouts/application
  Rendered registrations/new.html.erb within layouts/application (Duration: 0.9ms | Allocations: 1094)
  Rendered layout layouts/application.html.erb (Duration: 7.5ms | Allocations: 14717)
Completed 200 OK in 11ms (Views: 8.2ms | ActiveRecord: 0.2ms | Allocations: 17481)


Started POST "/registrations" for ::1 at 2022-12-13 12:25:20 +1030
Processing by RegistrationsController#create as TURBO_STREAM
  Parameters: {"authenticity_token"=>"[FILTERED]", "user"=>{"email"=>"joe@email.com", "password"=>"[FILTERED]"}, "commit"=>"Sign Up"}
Completed 500 Internal Server Error in 5ms (ActiveRecord: 0.0ms | Allocations: 3541)


  
NameError (undefined local variable or method `parms' for #<RegistrationsController:0x000000000223f8>

      parms.require(:user).permit(:email, :password)
      ^^^^^
Did you mean?  params
               params=
               @_params):
  
app/controllers/registrations_controller.rb:21:in `user_parms'
app/controllers/registrations_controller.rb:7:in `create'
Started GET "/registrations/new" for ::1 at 2022-12-13 12:27:54 +1030
Processing by RegistrationsController#new as HTML
  Rendering layout layouts/application.html.erb
  Rendering registrations/new.html.erb within layouts/application
  Rendered registrations/new.html.erb within layouts/application (Duration: 1.0ms | Allocations: 1085)
  Rendered layout layouts/application.html.erb (Duration: 7.7ms | Allocations: 14723)
Completed 200 OK in 11ms (Views: 8.5ms | ActiveRecord: 0.4ms | Allocations: 17820)


Started POST "/registrations" for ::1 at 2022-12-13 12:28:09 +1030
Processing by RegistrationsController#create as TURBO_STREAM
  Parameters: {"authenticity_token"=>"[FILTERED]", "user"=>{"email"=>"joe@email.com", "password"=>"[FILTERED]"}, "commit"=>"Sign Up"}
  [1m[36mTRANSACTION (0.1ms)[0m  [1m[36mbegin transaction[0m
  ↳ app/controllers/registrations_controller.rb:9:in `create'
  [1m[36mUser Create (0.3ms)[0m  [1m[32mINSERT INTO "users" ("email", "password", "created_at", "updated_at") VALUES (?, ?, ?, ?)[0m  [["email", "joe@email.com"], ["password", "[FILTERED]"], ["created_at", "2022-12-13 01:58:09.308512"], ["updated_at", "2022-12-13 01:58:09.308512"]]
  ↳ app/controllers/registrations_controller.rb:9:in `create'
  [1m[36mTRANSACTION (2.9ms)[0m  [1m[36mcommit transaction[0m
  ↳ app/controllers/registrations_controller.rb:9:in `create'
Completed 500 Internal Server Error in 15ms (ActiveRecord: 3.3ms | Allocations: 6542)


  
NameError (undefined local variable or method `new_login_path' for #<RegistrationsController:0x000000000261d8>

      redirect_to new_login_path
                  ^^^^^^^^^^^^^^
Did you mean?  new_registration_path):
  
app/controllers/registrations_controller.rb:10:in `create'
Started GET "/registrations/new" for ::1 at 2022-12-13 12:29:15 +1030
Processing by RegistrationsController#new as HTML
  Rendering layout layouts/application.html.erb
  Rendering registrations/new.html.erb within layouts/application
  Rendered registrations/new.html.erb within layouts/application (Duration: 1.0ms | Allocations: 843)
  Rendered layout layouts/application.html.erb (Duration: 2.5ms | Allocations: 3040)
Completed 200 OK in 3ms (Views: 2.8ms | ActiveRecord: 0.0ms | Allocations: 3325)


Started POST "/registrations" for ::1 at 2022-12-13 12:29:17 +1030
Processing by RegistrationsController#create as TURBO_STREAM
  Parameters: {"authenticity_token"=>"[FILTERED]", "user"=>{"email"=>"", "password"=>"[FILTERED]"}, "commit"=>"Sign Up"}
  Rendering layout layouts/application.html.erb
  Rendering registrations/new.html.erb within layouts/application
  Rendered registrations/new.html.erb within layouts/application (Duration: 3.6ms | Allocations: 1926)
  Rendered layout layouts/application.html.erb (Duration: 5.7ms | Allocations: 4100)
Completed 422 Unprocessable Entity in 9ms (Views: 6.2ms | ActiveRecord: 0.0ms | Allocations: 5162)


Started GET "/registrations/new" for ::1 at 2022-12-13 12:30:33 +1030
Processing by RegistrationsController#new as HTML
  Rendering layout layouts/application.html.erb
  Rendering registrations/new.html.erb within layouts/application
  Rendered registrations/new.html.erb within layouts/application (Duration: 1.1ms | Allocations: 1106)
  Rendered layout layouts/application.html.erb (Duration: 7.4ms | Allocations: 14720)
Completed 200 OK in 11ms (Views: 8.1ms | ActiveRecord: 0.4ms | Allocations: 17817)


Started POST "/registrations" for ::1 at 2022-12-13 12:30:36 +1030
Processing by RegistrationsController#create as TURBO_STREAM
  Parameters: {"authenticity_token"=>"[FILTERED]", "user"=>{"email"=>"", "password"=>"[FILTERED]"}, "commit"=>"Sign Up"}
  Rendering layout layouts/application.html.erb
  Rendering registrations/new.html.erb within layouts/application
  Rendered registrations/new.html.erb within layouts/application (Duration: 3.4ms | Allocations: 1820)
  Rendered layout layouts/application.html.erb (Duration: 5.9ms | Allocations: 4008)
Completed 422 Unprocessable Entity in 9ms (Views: 6.5ms | ActiveRecord: 0.0ms | Allocations: 5233)


Started POST "/registrations" for ::1 at 2022-12-13 12:31:17 +1030
Processing by RegistrationsController#create as TURBO_STREAM
  Parameters: {"authenticity_token"=>"[FILTERED]", "user"=>{"email"=>"", "password"=>"[FILTERED]"}, "commit"=>"Sign Up"}
  Rendering layout layouts/application.html.erb
  Rendering registrations/new.html.erb within layouts/application
  Rendered registrations/new.html.erb within layouts/application (Duration: 5.0ms | Allocations: 2192)
  Rendered layout layouts/application.html.erb (Duration: 8.4ms | Allocations: 4738)
Completed 422 Unprocessable Entity in 15ms (Views: 11.4ms | ActiveRecord: 0.0ms | Allocations: 6379)


Started POST "/registrations" for ::1 at 2022-12-13 12:32:46 +1030
Processing by RegistrationsController#create as TURBO_STREAM
  Parameters: {"authenticity_token"=>"[FILTERED]", "user"=>{"email"=>"", "password"=>"[FILTERED]"}, "commit"=>"Sign Up"}
  Rendering layout layouts/application.html.erb
  Rendering registrations/new.html.erb within layouts/application
  Rendered registrations/new.html.erb within layouts/application (Duration: 3.7ms | Allocations: 2187)
  Rendered layout layouts/application.html.erb (Duration: 6.2ms | Allocations: 4758)
Completed 422 Unprocessable Entity in 12ms (Views: 9.3ms | ActiveRecord: 0.0ms | Allocations: 6508)


Started POST "/registrations" for ::1 at 2022-12-13 12:33:01 +1030
Processing by RegistrationsController#create as TURBO_STREAM
  Parameters: {"authenticity_token"=>"[FILTERED]", "user"=>{"email"=>"", "password"=>"[FILTERED]"}, "commit"=>"Sign Up"}
  Rendering layout layouts/application.html.erb
  Rendering registrations/new.html.erb within layouts/application
  Rendered registrations/new.html.erb within layouts/application (Duration: 3.1ms | Allocations: 1805)
  Rendered layout layouts/application.html.erb (Duration: 5.4ms | Allocations: 3986)
Completed 422 Unprocessable Entity in 9ms (Views: 6.0ms | ActiveRecord: 0.0ms | Allocations: 5149)


Started POST "/registrations" for ::1 at 2022-12-13 12:33:05 +1030
Processing by RegistrationsController#create as TURBO_STREAM
  Parameters: {"authenticity_token"=>"[FILTERED]", "user"=>{"email"=>"", "password"=>"[FILTERED]"}, "commit"=>"Sign Up"}
  Rendering layout layouts/application.html.erb
  Rendering registrations/new.html.erb within layouts/application
  Rendered registrations/new.html.erb within layouts/application (Duration: 1.5ms | Allocations: 1998)
  Rendered layout layouts/application.html.erb (Duration: 42.2ms | Allocations: 15638)
Completed 422 Unprocessable Entity in 46ms (Views: 42.7ms | ActiveRecord: 0.3ms | Allocations: 19711)


Started POST "/registrations" for ::1 at 2022-12-13 12:42:07 +1030
Processing by RegistrationsController#create as TURBO_STREAM
  Parameters: {"authenticity_token"=>"[FILTERED]", "user"=>{"email"=>"joe@email.com", "password"=>"[FILTERED]"}, "commit"=>"Sign Up"}
  [1m[36mTRANSACTION (0.0ms)[0m  [1m[36mbegin transaction[0m
  ↳ app/controllers/registrations_controller.rb:9:in `create'
  [1m[36mUser Create (0.1ms)[0m  [1m[32mINSERT INTO "users" ("email", "password", "created_at", "updated_at") VALUES (?, ?, ?, ?)[0m  [["email", "joe@email.com"], ["password", "[FILTERED]"], ["created_at", "2022-12-13 02:12:07.684782"], ["updated_at", "2022-12-13 02:12:07.684782"]]
  ↳ app/controllers/registrations_controller.rb:9:in `create'
  [1m[36mTRANSACTION (4.2ms)[0m  [1m[36mcommit transaction[0m
  ↳ app/controllers/registrations_controller.rb:9:in `create'
Redirected to http://localhost:3000/logins/new
Completed 302 Found in 9ms (ActiveRecord: 4.5ms | Allocations: 4788)


Started GET "/logins/new" for ::1 at 2022-12-13 12:42:07 +1030
Processing by LoginsController#new as TURBO_STREAM
  Rendering layout layouts/application.html.erb
  Rendering logins/new.html.erb within layouts/application
  Rendered logins/new.html.erb within layouts/application (Duration: 1.5ms | Allocations: 1320)
  Rendered layout layouts/application.html.erb (Duration: 8.2ms | Allocations: 15104)
Completed 200 OK in 10ms (Views: 9.3ms | ActiveRecord: 0.0ms | Allocations: 16116)


Started POST "/logins" for ::1 at 2022-12-13 12:42:22 +1030
Processing by LoginsController#create as TURBO_STREAM
  Parameters: {"authenticity_token"=>"[FILTERED]", "user"=>{"email"=>"joe@gmail.com", "password"=>"[FILTERED]"}, "commit"=>"Log In"}
Completed 500 Internal Server Error in 11ms (ActiveRecord: 0.0ms | Allocations: 3503)


  
NameError (undefined local variable or method `login_params' for #<LoginsController:0x00000000031920>

    @user = User.find_by(login_params)
                         ^^^^^^^^^^^^
Did you mean?  logins_path):
  
app/controllers/logins_controller.rb:7:in `create'
Started GET "/logins/new" for ::1 at 2022-12-13 12:43:41 +1030
Processing by LoginsController#new as HTML
  Rendering layout layouts/application.html.erb
  Rendering logins/new.html.erb within layouts/application
  Rendered logins/new.html.erb within layouts/application (Duration: 2.6ms | Allocations: 819)
  Rendered layout layouts/application.html.erb (Duration: 6.0ms | Allocations: 3032)
Completed 200 OK in 8ms (Views: 6.9ms | ActiveRecord: 0.0ms | Allocations: 3324)


Started POST "/logins" for ::1 at 2022-12-13 12:43:43 +1030
Processing by LoginsController#create as TURBO_STREAM
  Parameters: {"authenticity_token"=>"[FILTERED]", "user"=>{"email"=>"", "password"=>"[FILTERED]"}, "commit"=>"Log In"}
Completed 500 Internal Server Error in 11ms (ActiveRecord: 0.0ms | Allocations: 3436)


  
NameError (undefined local variable or method `login_params' for #<LoginsController:0x00000000031cb8>

    @user = User.find_by(login_params)
                         ^^^^^^^^^^^^
Did you mean?  logins_path):
  
app/controllers/logins_controller.rb:7:in `create'
Started GET "/logins/new" for ::1 at 2022-12-13 12:44:46 +1030
Processing by LoginsController#new as HTML
  Rendering layout layouts/application.html.erb
  Rendering logins/new.html.erb within layouts/application
  Rendered logins/new.html.erb within layouts/application (Duration: 1.1ms | Allocations: 1082)
  Rendered layout layouts/application.html.erb (Duration: 7.8ms | Allocations: 14747)
Completed 200 OK in 11ms (Views: 8.4ms | ActiveRecord: 0.4ms | Allocations: 17845)


Started POST "/logins" for ::1 at 2022-12-13 12:44:47 +1030
Processing by LoginsController#create as TURBO_STREAM
  Parameters: {"authenticity_token"=>"[FILTERED]", "user"=>{"email"=>"", "password"=>"[FILTERED]"}, "commit"=>"Log In"}
  [1m[36mUser Load (0.3ms)[0m  [1m[34mSELECT "users".* FROM "users" WHERE "users"."email" = ? AND "users"."password" = ? LIMIT ?[0m  [["email", ""], ["password", "[FILTERED]"], ["LIMIT", 1]]
  ↳ app/controllers/logins_controller.rb:7:in `create'
  Rendering layout layouts/application.html.erb
  Rendering logins/new.html.erb within layouts/application
  Rendered logins/new.html.erb within layouts/application (Duration: 1.8ms | Allocations: 2199)
  Rendered layout layouts/application.html.erb (Duration: 4.8ms | Allocations: 4486)
Completed 422 Unprocessable Entity in 11ms (Views: 5.4ms | ActiveRecord: 0.3ms | Allocations: 7232)


Started POST "/logins" for ::1 at 2022-12-13 12:45:00 +1030
Processing by LoginsController#create as TURBO_STREAM
  Parameters: {"authenticity_token"=>"[FILTERED]", "email"=>"joe@gmail.com", "password"=>"[FILTERED]", "commit"=>"Log In"}
Completed 400 Bad Request in 1ms (ActiveRecord: 0.0ms | Allocations: 820)


  
ActionController::ParameterMissing (param is missing or the value is empty: user):
  
app/controllers/logins_controller.rb:21:in `login_params'
app/controllers/logins_controller.rb:7:in `create'
Started GET "/logins/new" for ::1 at 2022-12-13 12:45:00 +1030
Processing by LoginsController#new as HTML
  Rendering layout layouts/application.html.erb
  Rendering logins/new.html.erb within layouts/application
  Rendered logins/new.html.erb within layouts/application (Duration: 1.2ms | Allocations: 863)
  Rendered layout layouts/application.html.erb (Duration: 3.0ms | Allocations: 3079)
Completed 200 OK in 4ms (Views: 3.4ms | ActiveRecord: 0.0ms | Allocations: 3357)


Started POST "/logins" for ::1 at 2022-12-13 12:45:15 +1030
Processing by LoginsController#create as TURBO_STREAM
  Parameters: {"authenticity_token"=>"[FILTERED]", "user"=>{"email"=>"joe@email.com", "password"=>"[FILTERED]"}, "commit"=>"Log In"}
  [1m[36mUser Load (0.1ms)[0m  [1m[34mSELECT "users".* FROM "users" WHERE "users"."email" = ? AND "users"."password" = ? LIMIT ?[0m  [["email", "joe@email.com"], ["password", "[FILTERED]"], ["LIMIT", 1]]
  ↳ app/controllers/logins_controller.rb:7:in `create'
Completed 500 Internal Server Error in 15ms (ActiveRecord: 0.1ms | Allocations: 4154)


  
NameError (undefined local variable or method `dashboards_path' for #<LoginsController:0x00000000036088>

      redirect_to dashboards_path
                  ^^^^^^^^^^^^^^^):
  
app/controllers/logins_controller.rb:10:in `create'
Started GET "/logins/new" for ::1 at 2022-12-13 12:50:06 +1030
Processing by LoginsController#new as HTML
  Rendering layout layouts/application.html.erb
  Rendering logins/new.html.erb within layouts/application
  Rendered logins/new.html.erb within layouts/application (Duration: 1.3ms | Allocations: 1290)
  Rendered layout layouts/application.html.erb (Duration: 7.7ms | Allocations: 15151)
Completed 200 OK in 12ms (Views: 8.5ms | ActiveRecord: 0.4ms | Allocations: 18571)


Started POST "/logins" for ::1 at 2022-12-13 12:50:25 +1030
Processing by LoginsController#create as TURBO_STREAM
  Parameters: {"authenticity_token"=>"[FILTERED]", "user"=>{"email"=>"joe@email.com", "password"=>"[FILTERED]"}, "commit"=>"Log In"}
  [1m[36mUser Load (0.2ms)[0m  [1m[34mSELECT "users".* FROM "users" WHERE "users"."email" = ? AND "users"."password" = ? LIMIT ?[0m  [["email", "joe@email.com"], ["password", "[FILTERED]"], ["LIMIT", 1]]
  ↳ app/controllers/logins_controller.rb:7:in `create'
Redirected to http://localhost:3000/dashboards/index
Completed 302 Found in 3ms (ActiveRecord: 0.2ms | Allocations: 1376)


Started GET "/dashboards/index" for ::1 at 2022-12-13 12:50:25 +1030
Processing by DashboardsController#index as TURBO_STREAM
  Rendering layout layouts/application.html.erb
  Rendering dashboards/index.html.erb within layouts/application
  Rendered dashboards/index.html.erb within layouts/application (Duration: 0.2ms | Allocations: 111)
  Rendered layout layouts/application.html.erb (Duration: 2.2ms | Allocations: 2812)
Completed 200 OK in 3ms (Views: 2.9ms | ActiveRecord: 0.0ms | Allocations: 3602)


Started GET "/dashboards/index" for ::1 at 2022-12-13 12:51:00 +1030
Processing by DashboardsController#index as HTML
  Rendering layout layouts/application.html.erb
  Rendering dashboards/index.html.erb within layouts/application
  Rendered dashboards/index.html.erb within layouts/application (Duration: 0.3ms | Allocations: 120)
  Rendered layout layouts/application.html.erb (Duration: 3.1ms | Allocations: 2956)
Completed 200 OK in 5ms (Views: 4.7ms | ActiveRecord: 0.0ms | Allocations: 3788)


Started GET "/dashboards/index" for ::1 at 2022-12-13 12:52:10 +1030
Processing by DashboardsController#index as HTML
  Rendering layout layouts/application.html.erb
  Rendering dashboards/index.html.erb within layouts/application
  Rendered dashboards/index.html.erb within layouts/application (Duration: 0.2ms | Allocations: 121)
  Rendered layout layouts/application.html.erb (Duration: 2.5ms | Allocations: 2966)
Completed 200 OK in 4ms (Views: 3.4ms | ActiveRecord: 0.0ms | Allocations: 3784)


Started GET "/dashboards/index" for ::1 at 2022-12-13 12:52:20 +1030
Processing by DashboardsController#index as HTML
  Rendering layout layouts/application.html.erb
  Rendering dashboards/index.html.erb within layouts/application
  Rendered dashboards/index.html.erb within layouts/application (Duration: 0.2ms | Allocations: 121)
  Rendered layout layouts/application.html.erb (Duration: 2.0ms | Allocations: 2960)
Completed 200 OK in 3ms (Views: 2.8ms | ActiveRecord: 0.0ms | Allocations: 3777)


Started GET "/dashboards/index" for ::1 at 2022-12-13 13:01:06 +1030
Processing by DashboardsController#index as HTML
  [1m[36mUser Load (0.1ms)[0m  [1m[34mSELECT "users".* FROM "users" WHERE "users"."id" IS NULL LIMIT ?[0m  [["LIMIT", 1]]
  ↳ app/controllers/dashboards_controller.rb:3:in `index'
Redirected to http://localhost:3000/logins/new
Completed 302 Found in 3ms (ActiveRecord: 0.3ms | Allocations: 2177)


Started GET "/logins/new" for ::1 at 2022-12-13 13:01:06 +1030
Processing by LoginsController#new as HTML
  Rendering layout layouts/application.html.erb
  Rendering logins/new.html.erb within layouts/application
  Rendered logins/new.html.erb within layouts/application (Duration: 1.5ms | Allocations: 1209)
  Rendered layout layouts/application.html.erb (Duration: 7.2ms | Allocations: 14882)
Completed 200 OK in 9ms (Views: 7.9ms | ActiveRecord: 0.0ms | Allocations: 16754)


Started GET "/logins/new" for ::1 at 2022-12-13 13:01:22 +1030
Processing by LoginsController#new as HTML
  Rendering layout layouts/application.html.erb
  Rendering logins/new.html.erb within layouts/application
  Rendered logins/new.html.erb within layouts/application (Duration: 1.3ms | Allocations: 738)
  Rendered layout layouts/application.html.erb (Duration: 3.6ms | Allocations: 2939)
Completed 200 OK in 5ms (Views: 4.1ms | ActiveRecord: 0.0ms | Allocations: 3235)


Started POST "/logins" for ::1 at 2022-12-13 13:01:44 +1030
Processing by LoginsController#create as TURBO_STREAM
  Parameters: {"authenticity_token"=>"[FILTERED]", "user"=>{"email"=>"joe@email.com", "password"=>"[FILTERED]"}, "commit"=>"Log In"}
  [1m[36mUser Load (0.2ms)[0m  [1m[34mSELECT "users".* FROM "users" WHERE "users"."email" = ? AND "users"."password" = ? LIMIT ?[0m  [["email", "joe@email.com"], ["password", "[FILTERED]"], ["LIMIT", 1]]
  ↳ app/controllers/logins_controller.rb:7:in `create'
Redirected to http://localhost:3000/dashboards/index
Completed 302 Found in 4ms (ActiveRecord: 0.2ms | Allocations: 1263)


Started GET "/dashboards/index" for ::1 at 2022-12-13 13:01:44 +1030
Processing by DashboardsController#index as TURBO_STREAM
  [1m[36mUser Load (0.2ms)[0m  [1m[34mSELECT "users".* FROM "users" WHERE "users"."id" = ? LIMIT ?[0m  [["id", 1], ["LIMIT", 1]]
  ↳ app/controllers/dashboards_controller.rb:3:in `index'
  Rendering layout layouts/application.html.erb
  Rendering dashboards/index.html.erb within layouts/application
  Rendered dashboards/index.html.erb within layouts/application (Duration: 0.0ms | Allocations: 12)
  Rendered layout layouts/application.html.erb (Duration: 2.2ms | Allocations: 2460)
Completed 200 OK in 6ms (Views: 3.2ms | ActiveRecord: 0.2ms | Allocations: 4316)


Started GET "/dashboards/index" for ::1 at 2022-12-13 13:03:21 +1030
Processing by DashboardsController#index as HTML
  [1m[36mUser Load (0.1ms)[0m  [1m[34mSELECT "users".* FROM "users" WHERE "users"."id" = ? LIMIT ?[0m  [["id", 1], ["LIMIT", 1]]
  ↳ app/controllers/dashboards_controller.rb:3:in `index'
  Rendering layout layouts/application.html.erb
  Rendering dashboards/index.html.erb within layouts/application
  Rendered dashboards/index.html.erb within layouts/application (Duration: 0.0ms | Allocations: 12)
  Rendered layout layouts/application.html.erb (Duration: 4.9ms | Allocations: 13630)
Completed 200 OK in 9ms (Views: 5.5ms | ActiveRecord: 0.4ms | Allocations: 18060)


Started GET "/dashboards/new" for ::1 at 2022-12-13 13:03:56 +1030
  
ActionController::RoutingError (No route matches [GET] "/dashboards/new"):
  
Started GET "/dashboards/index" for ::1 at 2022-12-13 13:04:07 +1030
Processing by DashboardsController#index as HTML
  [1m[36mUser Load (0.1ms)[0m  [1m[34mSELECT "users".* FROM "users" WHERE "users"."id" = ? LIMIT ?[0m  [["id", 1], ["LIMIT", 1]]
  ↳ app/controllers/dashboards_controller.rb:3:in `index'
  Rendering layout layouts/application.html.erb
  Rendering dashboards/index.html.erb within layouts/application
  Rendered dashboards/index.html.erb within layouts/application (Duration: 0.0ms | Allocations: 7)
  Rendered layout layouts/application.html.erb (Duration: 1.3ms | Allocations: 2204)
Completed 200 OK in 2ms (Views: 1.6ms | ActiveRecord: 0.1ms | Allocations: 3149)


Started GET "/logins/new" for ::1 at 2022-12-13 13:07:36 +1030
Processing by LoginsController#new as HTML
  [1m[36mUser Load (0.1ms)[0m  [1m[34mSELECT "users".* FROM "users" WHERE "users"."id" IS NULL LIMIT ?[0m  [["LIMIT", 1]]
  ↳ app/controllers/logins_controller.rb:3:in `new'
  Rendering layout layouts/application.html.erb
  Rendering logins/new.html.erb within layouts/application
  Rendered logins/new.html.erb within layouts/application (Duration: 0.9ms | Allocations: 891)
  Rendered layout layouts/application.html.erb (Duration: 6.5ms | Allocations: 14558)
Completed 200 OK in 15ms (Views: 7.2ms | ActiveRecord: 0.4ms | Allocations: 18532)


Started GET "/registrations/new" for ::1 at 2022-12-13 13:07:51 +1030
Processing by RegistrationsController#new as HTML
  [1m[36mUser Load (0.1ms)[0m  [1m[34mSELECT "users".* FROM "users" WHERE "users"."id" IS NULL LIMIT ?[0m  [["LIMIT", 1]]
  ↳ app/controllers/registrations_controller.rb:3:in `new'
  Rendering layout layouts/application.html.erb
  Rendering registrations/new.html.erb within layouts/application
  Rendered registrations/new.html.erb within layouts/application (Duration: 2.0ms | Allocations: 1069)
  Rendered layout layouts/application.html.erb (Duration: 4.8ms | Allocations: 3475)
Completed 200 OK in 8ms (Views: 5.9ms | ActiveRecord: 0.1ms | Allocations: 5161)


Started GET "/" for ::1 at 2023-01-12 12:14:58 +1030
  [1m[36mActiveRecord::SchemaMigration Pluck (0.1ms)[0m  [1m[34mSELECT "schema_migrations"."version" FROM "schema_migrations" ORDER BY "schema_migrations"."version" ASC[0m
Processing by Rails::WelcomeController#index as HTML
  Rendering /home/jeevan/.rbenv/versions/3.1.2/lib/ruby/gems/3.1.0/gems/railties-7.0.4/lib/rails/templates/rails/welcome/index.html.erb
  Rendered /home/jeevan/.rbenv/versions/3.1.2/lib/ruby/gems/3.1.0/gems/railties-7.0.4/lib/rails/templates/rails/welcome/index.html.erb (Duration: 1.1ms | Allocations: 477)
Completed 200 OK in 6ms (Views: 2.1ms | ActiveRecord: 0.0ms | Allocations: 3367)


Started GET "/login" for ::1 at 2023-01-12 12:15:04 +1030
  
ActionController::RoutingError (No route matches [GET] "/login"):
  
Started GET "/index" for ::1 at 2023-01-12 12:15:37 +1030
  [1m[36mActiveRecord::SchemaMigration Pluck (0.1ms)[0m  [1m[34mSELECT "schema_migrations"."version" FROM "schema_migrations" ORDER BY "schema_migrations"."version" ASC[0m
  
ActionController::RoutingError (No route matches [GET] "/index"):
  
Started GET "/dashboards/index" for ::1 at 2023-01-12 12:16:02 +1030
Processing by DashboardsController#index as HTML
  [1m[36mUser Load (0.2ms)[0m  [1m[34mSELECT "users".* FROM "users" WHERE "users"."id" IS NULL LIMIT ?[0m  [["LIMIT", 1]]
  ↳ app/controllers/dashboards_controller.rb:3:in `index'
Redirected to http://localhost:3000/logins/new
Completed 302 Found in 10ms (ActiveRecord: 0.5ms | Allocations: 4657)


Started GET "/logins/new" for ::1 at 2023-01-12 12:16:02 +1030
Processing by LoginsController#new as HTML
  [1m[36mUser Load (0.1ms)[0m  [1m[34mSELECT "users".* FROM "users" WHERE "users"."id" IS NULL LIMIT ?[0m  [["LIMIT", 1]]
  ↳ app/controllers/logins_controller.rb:3:in `new'
  Rendering layout layouts/application.html.erb
  Rendering logins/new.html.erb within layouts/application
  Rendered logins/new.html.erb within layouts/application (Duration: 4.5ms | Allocations: 2584)
  Rendered layout layouts/application.html.erb (Duration: 36.5ms | Allocations: 37377)
Completed 200 OK in 45ms (Views: 37.4ms | ActiveRecord: 0.5ms | Allocations: 42856)


